Using pre-set license
Built from '2020.3/staging' branch; Version is '2020.3.16f1 (049d6eca3c44) revision 302446'; Using compiler version '192528614'; Build Type 'Release'
OS: 'Windows 10 Pro; OS build 19042.1165; Version 2009; 64bit' Language: 'en' Physical Memory: 16263 MB
BatchMode: 1, IsHumanControllingUs: 0, StartBugReporterOnCrash: 0, Is64bit: 1, IsPro: 0

 COMMAND LINE ARGUMENTS:
C:\Program Files\Unity\Hub\Editor\2020.3.16f1\Editor\Unity.exe
-adb2
-batchMode
-noUpm
-name
AssetImportWorker0
-projectPath
C:/Users/fedev/DR
-logFile
Logs/AssetImportWorker0.log
-srvPort
49453
Successfully changed project path to: C:/Users/fedev/DR
C:/Users/fedev/DR
Using Asset Import Pipeline V2.
Refreshing native plugins compatible for Editor in 69.64 ms, found 3 plugins.
Preloading 0 native plugins for Editor in 0.00 ms.
Initialize engine version: 2020.3.16f1 (049d6eca3c44)
[Subsystems] Discovering subsystems at path C:/Program Files/Unity/Hub/Editor/2020.3.16f1/Editor/Data/Resources/UnitySubsystems
[Subsystems] Discovering subsystems at path C:/Users/fedev/DR/Assets
GfxDevice: creating device client; threaded=0
Direct3D:
    Version:  Direct3D 11.0 [level 11.0]
    Renderer: NVIDIA Quadro M2000M (ID=0x13b0)
    Vendor:   
    VRAM:     4053 MB
    Driver:   30.0.14.7141
Initialize mono
Mono path[0] = 'C:/Program Files/Unity/Hub/Editor/2020.3.16f1/Editor/Data/Managed'
Mono path[1] = 'C:/Program Files/Unity/Hub/Editor/2020.3.16f1/Editor/Data/MonoBleedingEdge/lib/mono/unityjit'
Mono config path = 'C:/Program Files/Unity/Hub/Editor/2020.3.16f1/Editor/Data/MonoBleedingEdge/etc'
Using monoOptions --debugger-agent=transport=dt_socket,embedding=1,server=y,suspend=n,address=127.0.0.1:56988
Begin MonoManager ReloadAssembly
Registering precompiled unity dll's ...
Register platform support module: C:/Program Files/Unity/Hub/Editor/2020.3.16f1/Editor/Data/PlaybackEngines/WebGLSupport/UnityEditor.WebGL.Extensions.dll
Register platform support module: C:/Program Files/Unity/Hub/Editor/2020.3.16f1/Editor/Data/PlaybackEngines/WindowsStandaloneSupport/UnityEditor.WindowsStandalone.Extensions.dll
Registered in 0.005598 seconds.
Native extension for WindowsStandalone target not found
Native extension for WebGL target not found
Refreshing native plugins compatible for Editor in 76.76 ms, found 3 plugins.
Preloading 0 native plugins for Editor in 0.00 ms.
Mono: successfully reloaded assembly
- Completed reload, in  1.784 seconds
Domain Reload Profiling:
	ReloadAssembly (1784ms)
		BeginReloadAssembly (106ms)
			ExecutionOrderSort (0ms)
			DisableScriptedObjects (0ms)
			BackupInstance (0ms)
			ReleaseScriptingObjects (0ms)
			CreateAndSetChildDomain (1ms)
		EndReloadAssembly (662ms)
			LoadAssemblies (100ms)
			RebuildTransferFunctionScriptingTraits (0ms)
			SetupTypeCache (247ms)
			ReleaseScriptCaches (0ms)
			RebuildScriptCaches (49ms)
			SetupLoadedEditorAssemblies (263ms)
				LogAssemblyErrors (0ms)
				InitializePlatformSupportModulesInManaged (7ms)
				SetLoadedEditorAssemblies (0ms)
				RefreshPlugins (77ms)
				BeforeProcessingInitializeOnLoad (15ms)
				ProcessInitializeOnLoadAttributes (124ms)
				ProcessInitializeOnLoadMethodAttributes (39ms)
				AfterProcessingInitializeOnLoad (0ms)
				EditorAssembliesLoaded (1ms)
			ExecutionOrderSort2 (0ms)
			AwakeInstancesAfterBackupRestoration (0ms)
Platform modules already initialized, skipping
Registering precompiled user dll's ...
Registered in 0.011720 seconds.
Begin MonoManager ReloadAssembly
Native extension for WindowsStandalone target not found
Native extension for WebGL target not found
Refreshing native plugins compatible for Editor in 59.85 ms, found 3 plugins.
Preloading 0 native plugins for Editor in 0.00 ms.
Mono: successfully reloaded assembly
- Completed reload, in  1.875 seconds
Domain Reload Profiling:
	ReloadAssembly (1877ms)
		BeginReloadAssembly (230ms)
			ExecutionOrderSort (0ms)
			DisableScriptedObjects (10ms)
			BackupInstance (0ms)
			ReleaseScriptingObjects (0ms)
			CreateAndSetChildDomain (29ms)
		EndReloadAssembly (1535ms)
			LoadAssemblies (176ms)
			RebuildTransferFunctionScriptingTraits (0ms)
			SetupTypeCache (492ms)
			ReleaseScriptCaches (1ms)
			RebuildScriptCaches (72ms)
			SetupLoadedEditorAssemblies (611ms)
				LogAssemblyErrors (0ms)
				InitializePlatformSupportModulesInManaged (7ms)
				SetLoadedEditorAssemblies (0ms)
				RefreshPlugins (60ms)
				BeforeProcessingInitializeOnLoad (101ms)
				ProcessInitializeOnLoadAttributes (409ms)
				ProcessInitializeOnLoadMethodAttributes (18ms)
				AfterProcessingInitializeOnLoad (16ms)
				EditorAssembliesLoaded (0ms)
			ExecutionOrderSort2 (0ms)
			AwakeInstancesAfterBackupRestoration (9ms)
Platform modules already initialized, skipping
========================================================================
Worker process is ready to serve import requests
Launched and connected shader compiler UnityShaderCompiler.exe after 0.10 seconds
Refreshing native plugins compatible for Editor in 0.59 ms, found 3 plugins.
Preloading 0 native plugins for Editor in 0.00 ms.
Unloading 2140 Unused Serialized files (Serialized files now loaded: 0)
System memory in use before: 96.2 MB.
System memory in use after: 96.3 MB.

Unloading 28 unused Assets to reduce memory usage. Loaded Objects now: 2578.
Total: 7.339300 ms (FindLiveObjects: 0.382300 ms CreateObjectMapping: 0.187200 ms MarkObjects: 6.571400 ms  DeleteObjects: 0.196200 ms)

AssetImportParameters requested are different than current active one (requested -> active):
  custom:framework-win-MediaFoundation: 216162199b28c13a410421893ffa2e32 -> 
  custom:video-decoder-ogg-theora: a1e56fd34408186e4bbccfd4996cb3dc -> 
  custom:container-muxer-webm: aa71ff27fc2769a1b78a27578f13a17b -> 
  custom:container-demuxer-webm: 4f35f7cbe854078d1ac9338744f61a02 -> 
  custom:container-demuxer-ogg: 62fdf1f143b41e24485cea50d1cbac27 -> 
  custom:video-encoder-webm-vp8: eb34c28f22e8b96e1ab97ce403110664 -> 
  custom:video-decoder-webm-vp8: 9c59270c3fd7afecdb556c50c9e8de78 -> 
  custom:audio-decoder-ogg-vorbis: bf7c407c2cedff20999df2af8eb42d56 -> 
  custom:audio-encoder-webm-vorbis: bf7c407c2cedff20999df2af8eb42d56 -> 
========================================================================
Received Import Request.
  path: Assets/TextMesh Pro/Examples & Extras/Resources/Fonts & Materials/Anton SDF.asset
  artifactKey: Guid(8a89fa14b10d46a99122fd4f73fca9a2) Importer(815301076,1909f56bfc062723c751e8b465ee728b)
Start importing Assets/TextMesh Pro/Examples & Extras/Resources/Fonts & Materials/Anton SDF.asset using Guid(8a89fa14b10d46a99122fd4f73fca9a2) Importer(815301076,1909f56bfc062723c751e8b465ee728b)  -> (artifact id: '89f74535dbbe80d820aad8820167369b') in 0.238375 seconds 
  Import took 0.243220 seconds .

========================================================================
Received Import Request.
  Time since last request: 0.000287 seconds.
  path: Assets/TextMesh Pro/Examples & Extras/Resources/Fonts & Materials/Electronic Highway Sign SDF.asset
  artifactKey: Guid(dc36b3fdc14f47ebb36fd484a67e268a) Importer(815301076,1909f56bfc062723c751e8b465ee728b)
Start importing Assets/TextMesh Pro/Examples & Extras/Resources/Fonts & Materials/Electronic Highway Sign SDF.asset using Guid(dc36b3fdc14f47ebb36fd484a67e268a) Importer(815301076,1909f56bfc062723c751e8b465ee728b)  -> (artifact id: 'aecbacf0b5b681b775f225c866b98f6e') in 0.024400 seconds 
  Import took 0.030171 seconds .

========================================================================
Received Import Request.
  Time since last request: 0.000240 seconds.
  path: Assets/TextMesh Pro/Examples & Extras/Resources/Fonts & Materials/Bangers SDF.asset
  artifactKey: Guid(125cb55b44b24c4393181402bc6200e6) Importer(815301076,1909f56bfc062723c751e8b465ee728b)
Start importing Assets/TextMesh Pro/Examples & Extras/Resources/Fonts & Materials/Bangers SDF.asset using Guid(125cb55b44b24c4393181402bc6200e6) Importer(815301076,1909f56bfc062723c751e8b465ee728b)  -> (artifact id: '6ba1bb398137a00be6e06e68b72b365d') in 0.035083 seconds 
  Import took 0.040076 seconds .

========================================================================
Received Import Request.
  Time since last request: 0.000253 seconds.
  path: Assets/TextMesh Pro/Resources/Fonts & Materials/LiberationSans SDF - Fallback.asset
  artifactKey: Guid(2e498d1c8094910479dc3e1b768306a4) Importer(815301076,1909f56bfc062723c751e8b465ee728b)
Start importing Assets/TextMesh Pro/Resources/Fonts & Materials/LiberationSans SDF - Fallback.asset using Guid(2e498d1c8094910479dc3e1b768306a4) Importer(815301076,1909f56bfc062723c751e8b465ee728b)  -> (artifact id: 'b8c2210586957436df79bf961aeff06e') in 0.026492 seconds 
  Import took 0.033274 seconds .

========================================================================
Received Import Request.
  Time since last request: 0.000240 seconds.
  path: Assets/TextMesh Pro/Examples & Extras/Resources/Fonts & Materials/Roboto-Bold SDF.asset
  artifactKey: Guid(5302535af1044152a457ed104f1f4b91) Importer(815301076,1909f56bfc062723c751e8b465ee728b)
Start importing Assets/TextMesh Pro/Examples & Extras/Resources/Fonts & Materials/Roboto-Bold SDF.asset using Guid(5302535af1044152a457ed104f1f4b91) Importer(815301076,1909f56bfc062723c751e8b465ee728b)  -> (artifact id: 'bfb93c09ad45f6e656fb1966a95741fa') in 0.031342 seconds 
  Import took 0.037306 seconds .

========================================================================
Received Import Request.
  Time since last request: 0.000403 seconds.
  path: Assets/TextMesh Pro/Resources/Fonts & Materials/LiberationSans SDF.asset
  artifactKey: Guid(8f586378b4e144a9851e7b34d9b748ee) Importer(815301076,1909f56bfc062723c751e8b465ee728b)
Start importing Assets/TextMesh Pro/Resources/Fonts & Materials/LiberationSans SDF.asset using Guid(8f586378b4e144a9851e7b34d9b748ee) Importer(815301076,1909f56bfc062723c751e8b465ee728b)  -> (artifact id: 'f1280cc7be10b532b2897fc8654f95d3') in 0.073110 seconds 
  Import took 0.081306 seconds .

========================================================================
Received Import Request.
  Time since last request: 0.000433 seconds.
  path: Assets/TextMesh Pro/Examples & Extras/Resources/Fonts & Materials/Oswald Bold SDF.asset
  artifactKey: Guid(0161d805a3764c089bef00bfe00793f5) Importer(815301076,1909f56bfc062723c751e8b465ee728b)
Start importing Assets/TextMesh Pro/Examples & Extras/Resources/Fonts & Materials/Oswald Bold SDF.asset using Guid(0161d805a3764c089bef00bfe00793f5) Importer(815301076,1909f56bfc062723c751e8b465ee728b)  -> (artifact id: 'd214e28bdeb8e7d744101e38a9ef9c0f') in 0.021189 seconds 
  Import took 0.032224 seconds .

========================================================================
Received Import Request.
  Time since last request: 99.675462 seconds.
  path: Assets/SpriteSheets/ui/ui_weapon_tribow_blue.png
  artifactKey: Guid(10182dde0d4a6e04b958c828fa0a9f26) Importer(815301076,1909f56bfc062723c751e8b465ee728b)
Start importing Assets/SpriteSheets/ui/ui_weapon_tribow_blue.png using Guid(10182dde0d4a6e04b958c828fa0a9f26) Importer(815301076,1909f56bfc062723c751e8b465ee728b)  -> (artifact id: 'a8f0c4d11e7da6688a7d6af3f86c04ea') in 0.094245 seconds 
  Import took 0.101015 seconds .

========================================================================
Received Import Request.
  Time since last request: 0.000430 seconds.
  path: Assets/SpriteSheets/ui/ui_weapon_shield_red.png
  artifactKey: Guid(64b3a4be72046ac46abacf74d5f3e28a) Importer(815301076,1909f56bfc062723c751e8b465ee728b)
Start importing Assets/SpriteSheets/ui/ui_weapon_shield_red.png using Guid(64b3a4be72046ac46abacf74d5f3e28a) Importer(815301076,1909f56bfc062723c751e8b465ee728b)  -> (artifact id: '5db2f0750f7492af57de5402e0604d36') in 0.016715 seconds 
  Import took 0.022464 seconds .

========================================================================
Received Import Request.
  Time since last request: 0.000390 seconds.
  path: Assets/SpriteSheets/ui/ui_weapon_target_red.png
  artifactKey: Guid(b6fc3cd6870749e44844c08011e1edbc) Importer(815301076,1909f56bfc062723c751e8b465ee728b)
Start importing Assets/SpriteSheets/ui/ui_weapon_target_red.png using Guid(b6fc3cd6870749e44844c08011e1edbc) Importer(815301076,1909f56bfc062723c751e8b465ee728b)  -> (artifact id: 'f695ca1998e60b5d96d4d03f51126334') in 0.018626 seconds 
  Import took 0.025678 seconds .

========================================================================
Received Import Request.
  Time since last request: 0.354363 seconds.
  path: Assets/SpriteSheets/ui/ui_weapon_missile_red.png
  artifactKey: Guid(54ad46239b3c55b489ac772107acb193) Importer(815301076,1909f56bfc062723c751e8b465ee728b)
Start importing Assets/SpriteSheets/ui/ui_weapon_missile_red.png using Guid(54ad46239b3c55b489ac772107acb193) Importer(815301076,1909f56bfc062723c751e8b465ee728b)  -> (artifact id: 'bc2f1f66aea1a29d3707c4af3876e987') in 0.026262 seconds 
  Import took 0.031568 seconds .

========================================================================
Received Import Request.
  Time since last request: 0.000289 seconds.
  path: Assets/SpriteSheets/ui/ui_weapon_repeater_blue.png
  artifactKey: Guid(145eced86cdb0944fbaf8c526daf56eb) Importer(815301076,1909f56bfc062723c751e8b465ee728b)
Start importing Assets/SpriteSheets/ui/ui_weapon_repeater_blue.png using Guid(145eced86cdb0944fbaf8c526daf56eb) Importer(815301076,1909f56bfc062723c751e8b465ee728b)  -> (artifact id: '909687a427a67640a1aff17b921a8b9f') in 0.018630 seconds 
  Import took 0.024084 seconds .

========================================================================
Received Import Request.
  Time since last request: 0.000300 seconds.
  path: Assets/SpriteSheets/ui/ui_weapon_double_red.png
  artifactKey: Guid(694d315a2762eb9438ecfb184c22b262) Importer(815301076,1909f56bfc062723c751e8b465ee728b)
Start importing Assets/SpriteSheets/ui/ui_weapon_double_red.png using Guid(694d315a2762eb9438ecfb184c22b262) Importer(815301076,1909f56bfc062723c751e8b465ee728b)  -> (artifact id: '4e11436f2e381b2e8cf93cdba151f551') in 0.022145 seconds 
  Import took 0.030828 seconds .

========================================================================
Received Import Request.
  Time since last request: 0.000407 seconds.
  path: Assets/SpriteSheets/ui/ui_weapon_grenadier_blue.png
  artifactKey: Guid(1013ec021719cf740a7f301ea3eba805) Importer(815301076,1909f56bfc062723c751e8b465ee728b)
Start importing Assets/SpriteSheets/ui/ui_weapon_grenadier_blue.png using Guid(1013ec021719cf740a7f301ea3eba805) Importer(815301076,1909f56bfc062723c751e8b465ee728b)  -> (artifact id: 'baf322227c9ed89b73cf857daba9a43f') in 0.016553 seconds 
  Import took 0.022904 seconds .

========================================================================
Received Import Request.
  Time since last request: 0.055089 seconds.
  path: Assets/SpriteSheets/ui/ui_medal_life_red.png
  artifactKey: Guid(c620702378d6421469285c09a405cb79) Importer(815301076,1909f56bfc062723c751e8b465ee728b)
Start importing Assets/SpriteSheets/ui/ui_medal_life_red.png using Guid(c620702378d6421469285c09a405cb79) Importer(815301076,1909f56bfc062723c751e8b465ee728b)  -> (artifact id: 'd894f61f8e433da8ebda3dcea90d2c5f') in 0.021873 seconds 
  Import took 0.027754 seconds .

========================================================================
Received Import Request.
  Time since last request: 0.000310 seconds.
  path: Assets/SpriteSheets/ui/ui_nade_blue.png
  artifactKey: Guid(6e786a23c390c034a826356619778681) Importer(815301076,1909f56bfc062723c751e8b465ee728b)
Start importing Assets/SpriteSheets/ui/ui_nade_blue.png using Guid(6e786a23c390c034a826356619778681) Importer(815301076,1909f56bfc062723c751e8b465ee728b)  -> (artifact id: '55e12da9a6ecfe7ef8b086be56ce0569') in 0.023719 seconds 
  Import took 0.029281 seconds .

========================================================================
Received Import Request.
  Time since last request: 0.000348 seconds.
  path: Assets/SpriteSheets/ui/ui_weapon_curve_blue.png
  artifactKey: Guid(4516d4d9519be9a4b930cec14b4cf612) Importer(815301076,1909f56bfc062723c751e8b465ee728b)
Start importing Assets/SpriteSheets/ui/ui_weapon_curve_blue.png using Guid(4516d4d9519be9a4b930cec14b4cf612) Importer(815301076,1909f56bfc062723c751e8b465ee728b)  -> (artifact id: 'a429a7dc305e6c3a5dc25fca166cc918') in 0.015255 seconds 
  Import took 0.027152 seconds .

========================================================================
Received Import Request.
  Time since last request: 0.000418 seconds.
  path: Assets/SpriteSheets/enemy/turret_broke.png
  artifactKey: Guid(bb690d10d820a7843a254dd5c15017dc) Importer(815301076,1909f56bfc062723c751e8b465ee728b)
Start importing Assets/SpriteSheets/enemy/turret_broke.png using Guid(bb690d10d820a7843a254dd5c15017dc) Importer(815301076,1909f56bfc062723c751e8b465ee728b)  -> (artifact id: '3ff5847abfe5d41d732dd2b9e1e6d001') in 0.018551 seconds 
  Import took 0.025771 seconds .

========================================================================
Received Import Request.
  Time since last request: 0.001593 seconds.
  path: Assets/SpriteSheets/ui/ui_nade_red.png
  artifactKey: Guid(aec74f0089779194e99caba8357fbe95) Importer(815301076,1909f56bfc062723c751e8b465ee728b)
Start importing Assets/SpriteSheets/ui/ui_nade_red.png using Guid(aec74f0089779194e99caba8357fbe95) Importer(815301076,1909f56bfc062723c751e8b465ee728b)  -> (artifact id: '80bd573667cb05e0daa8ada130f0971d') in 0.019254 seconds 
  Import took 0.030749 seconds .

========================================================================
Received Import Request.
  Time since last request: 0.001003 seconds.
  path: Assets/SpriteSheets/ui/ui_medal_life.png
  artifactKey: Guid(3dccc58883dd06e45a08186825b72aba) Importer(815301076,1909f56bfc062723c751e8b465ee728b)
Start importing Assets/SpriteSheets/ui/ui_medal_life.png using Guid(3dccc58883dd06e45a08186825b72aba) Importer(815301076,1909f56bfc062723c751e8b465ee728b)  -> (artifact id: 'aaee29c821db3e4b7834ec64a5a229df') in 0.017954 seconds 
  Import took 0.028986 seconds .

========================================================================
Received Import Request.
  Time since last request: 0.014284 seconds.
  path: Assets/SpriteSheets/ui/ui_nade_red.png
  artifactKey: Guid(aec74f0089779194e99caba8357fbe95) Importer(815301076,1909f56bfc062723c751e8b465ee728b)
Start importing Assets/SpriteSheets/ui/ui_nade_red.png using Guid(aec74f0089779194e99caba8357fbe95) Importer(815301076,1909f56bfc062723c751e8b465ee728b)  -> (artifact id: '80bd573667cb05e0daa8ada130f0971d') in 0.015163 seconds 
  Import took 0.020495 seconds .

========================================================================
Received Import Request.
  Time since last request: 0.601879 seconds.
  path: Assets/SpriteSheets/titlescreen/title_screen.png
  artifactKey: Guid(a73efe834e62fa040b65ce23686abb61) Importer(815301076,1909f56bfc062723c751e8b465ee728b)
Start importing Assets/SpriteSheets/titlescreen/title_screen.png using Guid(a73efe834e62fa040b65ce23686abb61) Importer(815301076,1909f56bfc062723c751e8b465ee728b)  -> (artifact id: '2fcb2d225f4453a2fcc0566ce8105456') in 0.025768 seconds 
  Import took 0.033072 seconds .

========================================================================
Received Import Request.
  Time since last request: 0.000314 seconds.
  path: Assets/SpriteSheets/enemy/turret.png
  artifactKey: Guid(4012b545f6c16644a83dcb1671292b3e) Importer(815301076,1909f56bfc062723c751e8b465ee728b)
Start importing Assets/SpriteSheets/enemy/turret.png using Guid(4012b545f6c16644a83dcb1671292b3e) Importer(815301076,1909f56bfc062723c751e8b465ee728b)  -> (artifact id: '89163dd56f3640219dc5b38fc8140e28') in 0.016596 seconds 
  Import took 0.023908 seconds .

========================================================================
Received Import Request.
  Time since last request: 1.252791 seconds.
  path: Assets/SpriteSheets/fx/shadow_char.png
  artifactKey: Guid(3703f6b753def9949bce7d2687d1b191) Importer(815301076,1909f56bfc062723c751e8b465ee728b)
Start importing Assets/SpriteSheets/fx/shadow_char.png using Guid(3703f6b753def9949bce7d2687d1b191) Importer(815301076,1909f56bfc062723c751e8b465ee728b)  -> (artifact id: 'c55773267472446a17c20c02dd9c5c55') in 0.016776 seconds 
  Import took 0.024009 seconds .

========================================================================
Received Import Request.
  Time since last request: 0.000425 seconds.
  path: Assets/SpriteSheets/boss/sparks.png
  artifactKey: Guid(1f9e312a89272c948b36fc8bb3632c78) Importer(815301076,1909f56bfc062723c751e8b465ee728b)
Start importing Assets/SpriteSheets/boss/sparks.png using Guid(1f9e312a89272c948b36fc8bb3632c78) Importer(815301076,1909f56bfc062723c751e8b465ee728b)  -> (artifact id: '40a2e6c1d551e803e2ce580595e958f7') in 0.019112 seconds 
  Import took 0.027445 seconds .

========================================================================
Received Import Request.
  Time since last request: 0.000515 seconds.
  path: Assets/SpriteSheets/fx/particles_explosion.png
  artifactKey: Guid(5f114c7ff49f1e04bac4426031b94b4d) Importer(815301076,1909f56bfc062723c751e8b465ee728b)
Start importing Assets/SpriteSheets/fx/particles_explosion.png using Guid(5f114c7ff49f1e04bac4426031b94b4d) Importer(815301076,1909f56bfc062723c751e8b465ee728b)  -> (artifact id: 'c00758d2252cbdbc3af148ce82ca9b98') in 0.025547 seconds 
  Import took 0.032222 seconds .

========================================================================
Received Import Request.
  Time since last request: 0.000370 seconds.
  path: Assets/SpriteSheets/titlescreen/main_title_title_x.5.png
  artifactKey: Guid(980f1335f45088445be8b52d1a8dd97f) Importer(815301076,1909f56bfc062723c751e8b465ee728b)
Start importing Assets/SpriteSheets/titlescreen/main_title_title_x.5.png using Guid(980f1335f45088445be8b52d1a8dd97f) Importer(815301076,1909f56bfc062723c751e8b465ee728b)  -> (artifact id: '12bfe523c96dfb9c7a2d9ef29ac7cbc0') in 0.025982 seconds 
  Import took 0.032791 seconds .

========================================================================
Received Import Request.
  Time since last request: 0.000301 seconds.
  path: Assets/SpriteSheets/titlescreen/main_title_press_start(201x23).png
  artifactKey: Guid(7cdc47fb233b2c749887c3d146ac753f) Importer(815301076,1909f56bfc062723c751e8b465ee728b)
Start importing Assets/SpriteSheets/titlescreen/main_title_press_start(201x23).png using Guid(7cdc47fb233b2c749887c3d146ac753f) Importer(815301076,1909f56bfc062723c751e8b465ee728b)  -> (artifact id: '540f608a09f728f3aca24246e092d3a4') in 0.025555 seconds 
  Import took 0.032056 seconds .

========================================================================
Received Import Request.
  Time since last request: 0.000323 seconds.
  path: Assets/SpriteSheets/fx/particles_dirt.png
  artifactKey: Guid(12883a6a66bd2e4448dc6bb6bdaa5cbe) Importer(815301076,1909f56bfc062723c751e8b465ee728b)
Start importing Assets/SpriteSheets/fx/particles_dirt.png using Guid(12883a6a66bd2e4448dc6bb6bdaa5cbe) Importer(815301076,1909f56bfc062723c751e8b465ee728b)  -> (artifact id: 'f5c4b61fb859d9abd098fc8b2be856f7') in 0.024329 seconds 
  Import took 0.031057 seconds .

========================================================================
Received Import Request.
  Time since last request: 0.000389 seconds.
  path: Assets/SpriteSheets/boss/sParticlesLaser.png
  artifactKey: Guid(cb326dd7eace35c43911f24a8ca83d9a) Importer(815301076,1909f56bfc062723c751e8b465ee728b)
Start importing Assets/SpriteSheets/boss/sParticlesLaser.png using Guid(cb326dd7eace35c43911f24a8ca83d9a) Importer(815301076,1909f56bfc062723c751e8b465ee728b)  -> (artifact id: '62da0013b588352e476f349a1b045d35') in 0.025383 seconds 
  Import took 0.031019 seconds .

========================================================================
Received Import Request.
  Time since last request: 0.000271 seconds.
  path: Assets/SpriteSheets/fx/particles_palette.png
  artifactKey: Guid(f7011e293670d8c439ffe4a32c5e85ed) Importer(815301076,1909f56bfc062723c751e8b465ee728b)
Start importing Assets/SpriteSheets/fx/particles_palette.png using Guid(f7011e293670d8c439ffe4a32c5e85ed) Importer(815301076,1909f56bfc062723c751e8b465ee728b)  -> (artifact id: '485df751d0d5f1cf05497bf468adb451') in 0.028007 seconds 
  Import took 0.033486 seconds .

========================================================================
Received Import Request.
  Time since last request: 0.000338 seconds.
  path: Assets/SpriteSheets/player/john_run 1.png
  artifactKey: Guid(1ba0bd514140e6c4db5b01a7e9764235) Importer(815301076,1909f56bfc062723c751e8b465ee728b)
Start importing Assets/SpriteSheets/player/john_run 1.png using Guid(1ba0bd514140e6c4db5b01a7e9764235) Importer(815301076,1909f56bfc062723c751e8b465ee728b)  -> (artifact id: 'ecab499b9c1e730a217f6863fd01ba11') in 0.064775 seconds 
  Import took 0.070198 seconds .

========================================================================
Received Import Request.
  Time since last request: 0.000351 seconds.
  path: Assets/SpriteSheets/ui/life_empty.png
  artifactKey: Guid(9565840a4b84a3e448d423f0da827a22) Importer(815301076,1909f56bfc062723c751e8b465ee728b)
Start importing Assets/SpriteSheets/ui/life_empty.png using Guid(9565840a4b84a3e448d423f0da827a22) Importer(815301076,1909f56bfc062723c751e8b465ee728b)  -> (artifact id: 'f0a99ff99ba9e427317f795776d0a4c2') in 0.023093 seconds 
  Import took 0.030022 seconds .

========================================================================
Received Import Request.
  Time since last request: 0.000324 seconds.
  path: Assets/SpriteSheets/titlescreen/main_title_title.png
  artifactKey: Guid(2216ac08508224349a40113045802f50) Importer(815301076,1909f56bfc062723c751e8b465ee728b)
Start importing Assets/SpriteSheets/titlescreen/main_title_title.png using Guid(2216ac08508224349a40113045802f50) Importer(815301076,1909f56bfc062723c751e8b465ee728b)  -> (artifact id: '9bd858ceb84843ccb91084bbd9145a26') in 0.032323 seconds 
  Import took 0.042662 seconds .

========================================================================
Received Import Request.
  Time since last request: 0.001353 seconds.
  path: Assets/SpriteSheets/fx/particles_turret.png
  artifactKey: Guid(6349269079dfadd4ab299d05c168074a) Importer(815301076,1909f56bfc062723c751e8b465ee728b)
Start importing Assets/SpriteSheets/fx/particles_turret.png using Guid(6349269079dfadd4ab299d05c168074a) Importer(815301076,1909f56bfc062723c751e8b465ee728b)  -> (artifact id: 'e11ebff5d494de63060797a9b30b3873') in 0.017139 seconds 
  Import took 0.024750 seconds .

========================================================================
Received Import Request.
  Time since last request: 0.000274 seconds.
  path: Assets/SpriteSheets/ui/multiplier_x2.png
  artifactKey: Guid(596c50d39c13115448c02e2265f4478c) Importer(815301076,1909f56bfc062723c751e8b465ee728b)
Start importing Assets/SpriteSheets/ui/multiplier_x2.png using Guid(596c50d39c13115448c02e2265f4478c) Importer(815301076,1909f56bfc062723c751e8b465ee728b)  -> (artifact id: 'f543a3f4150a1da37157a14dcdab07e7') in 0.022684 seconds 
  Import took 0.030273 seconds .

========================================================================
Received Import Request.
  Time since last request: 0.000205 seconds.
  path: Assets/SpriteSheets/props/shelter.png
  artifactKey: Guid(8d9bce59571081842a0dda08ad9121c4) Importer(815301076,1909f56bfc062723c751e8b465ee728b)
Start importing Assets/SpriteSheets/props/shelter.png using Guid(8d9bce59571081842a0dda08ad9121c4) Importer(815301076,1909f56bfc062723c751e8b465ee728b)  -> (artifact id: 'cc526ced2e9ed0e3ab8afada008dd136') in 0.025598 seconds 
  Import took 0.029803 seconds .

========================================================================
Received Import Request.
  Time since last request: 0.000267 seconds.
  path: Assets/SpriteSheets/enemy/grunt_crouch.png
  artifactKey: Guid(d5c3ad5aaa77d294e8b1f8ef6e9ff0b9) Importer(815301076,1909f56bfc062723c751e8b465ee728b)
Start importing Assets/SpriteSheets/enemy/grunt_crouch.png using Guid(d5c3ad5aaa77d294e8b1f8ef6e9ff0b9) Importer(815301076,1909f56bfc062723c751e8b465ee728b)  -> (artifact id: 'efa5d656a0381233bb62936e8a8a3714') in 0.022664 seconds 
  Import took 0.031090 seconds .

========================================================================
Received Import Request.
  Time since last request: 0.000263 seconds.
  path: Assets/SpriteSheets/enemy/grunt_idle.png
  artifactKey: Guid(db507e2f8e7710a4188caf5f2a9a7670) Importer(815301076,1909f56bfc062723c751e8b465ee728b)
Start importing Assets/SpriteSheets/enemy/grunt_idle.png using Guid(db507e2f8e7710a4188caf5f2a9a7670) Importer(815301076,1909f56bfc062723c751e8b465ee728b)  -> (artifact id: '06a6dc38b263226a0e1eb81d10b0d65e') in 0.021948 seconds 
  Import took 0.028922 seconds .

========================================================================
Received Import Request.
  Time since last request: 0.000688 seconds.
  path: Assets/SpriteSheets/fx/explosion_red.png
  artifactKey: Guid(d392541c25435e44dabea6f70bbc0f41) Importer(815301076,1909f56bfc062723c751e8b465ee728b)
Start importing Assets/SpriteSheets/fx/explosion_red.png using Guid(d392541c25435e44dabea6f70bbc0f41) Importer(815301076,1909f56bfc062723c751e8b465ee728b)  -> (artifact id: 'a387a4e9f6211aff8be1fdb1fabd6640') in 0.021047 seconds 
  Import took 0.025969 seconds .

========================================================================
Received Import Request.
  Time since last request: 0.000314 seconds.
  path: Assets/SpriteSheets/enemy/grunt.png
  artifactKey: Guid(2b4c5553d00e41d459b25b359fcadc69) Importer(815301076,1909f56bfc062723c751e8b465ee728b)
Start importing Assets/SpriteSheets/enemy/grunt.png using Guid(2b4c5553d00e41d459b25b359fcadc69) Importer(815301076,1909f56bfc062723c751e8b465ee728b)  -> (artifact id: '8d70a2e52fad5710754af82858aae592') in 0.021513 seconds 
  Import took 0.031114 seconds .

========================================================================
Received Import Request.
  Time since last request: 0.000366 seconds.
  path: Assets/SpriteSheets/enemy/enemy_weapon_bullet.png
  artifactKey: Guid(f13c21f1e7e4e5446bd18a3d29a74cb5) Importer(815301076,1909f56bfc062723c751e8b465ee728b)
Start importing Assets/SpriteSheets/enemy/enemy_weapon_bullet.png using Guid(f13c21f1e7e4e5446bd18a3d29a74cb5) Importer(815301076,1909f56bfc062723c751e8b465ee728b)  -> (artifact id: '5ad927f71a733f8a20505f179e309ae6') in 0.016838 seconds 
  Import took 0.023005 seconds .

========================================================================
Received Import Request.
  Time since last request: 0.000345 seconds.
  path: Assets/SpriteSheets/props/ammo.png
  artifactKey: Guid(b862fb9994adfe548975798c8262acbb) Importer(815301076,1909f56bfc062723c751e8b465ee728b)
Start importing Assets/SpriteSheets/props/ammo.png using Guid(b862fb9994adfe548975798c8262acbb) Importer(815301076,1909f56bfc062723c751e8b465ee728b)  -> (artifact id: '025f3d8e42b72eb08c999ec047d0d7a7') in 0.018820 seconds 
  Import took 0.027637 seconds .

========================================================================
Received Import Request.
  Time since last request: 0.000279 seconds.
  path: Assets/SpriteSheets/titlescreen/main_title_bg.png
  artifactKey: Guid(64dcacb23815edd499d9f77675bf8a80) Importer(815301076,1909f56bfc062723c751e8b465ee728b)
Start importing Assets/SpriteSheets/titlescreen/main_title_bg.png using Guid(64dcacb23815edd499d9f77675bf8a80) Importer(815301076,1909f56bfc062723c751e8b465ee728b)  -> (artifact id: '719c6acdbb48da4097102e2e67287c42') in 0.028306 seconds 
  Import took 0.033105 seconds .

========================================================================
Received Import Request.
  Time since last request: 0.000208 seconds.
  path: Assets/SpriteSheets/ui/fnt_wonder32_custom.png
  artifactKey: Guid(c3eeb29cda1983e4092586be8f33f6b8) Importer(815301076,1909f56bfc062723c751e8b465ee728b)
Start importing Assets/SpriteSheets/ui/fnt_wonder32_custom.png using Guid(c3eeb29cda1983e4092586be8f33f6b8) Importer(815301076,1909f56bfc062723c751e8b465ee728b)  -> (artifact id: '7cd5a2c697b8ba99b5c5b780456c8bb0') in 0.025822 seconds 
  Import took 0.030645 seconds .

========================================================================
Received Import Request.
  Time since last request: 0.000294 seconds.
  path: Assets/SpriteSheets/titlescreen/GameOverScreen.png
  artifactKey: Guid(e4b8fbe51f8ef1c4695ab1992d87bd3a) Importer(815301076,1909f56bfc062723c751e8b465ee728b)
Start importing Assets/SpriteSheets/titlescreen/GameOverScreen.png using Guid(e4b8fbe51f8ef1c4695ab1992d87bd3a) Importer(815301076,1909f56bfc062723c751e8b465ee728b)  -> (artifact id: 'c33f541bdb1fb151d92ffd8d8d37020f') in 0.026524 seconds 
  Import took 0.032035 seconds .

========================================================================
Received Import Request.
  Time since last request: 0.000226 seconds.
  path: Assets/SpriteSheets/enemy/grunt_death.png
  artifactKey: Guid(48a47b52af3f72d45be8fbb0edf5e864) Importer(815301076,1909f56bfc062723c751e8b465ee728b)
Start importing Assets/SpriteSheets/enemy/grunt_death.png using Guid(48a47b52af3f72d45be8fbb0edf5e864) Importer(815301076,1909f56bfc062723c751e8b465ee728b)  -> (artifact id: 'bb0faf6cfb64820ab2a060ecb999c7b1') in 0.020498 seconds 
  Import took 0.025861 seconds .

========================================================================
Received Import Request.
  Time since last request: 0.000293 seconds.
  path: Assets/SpriteSheets/props/bigcrate.png
  artifactKey: Guid(d04ad28297e642440be18c6a651aa4c5) Importer(815301076,1909f56bfc062723c751e8b465ee728b)
Start importing Assets/SpriteSheets/props/bigcrate.png using Guid(d04ad28297e642440be18c6a651aa4c5) Importer(815301076,1909f56bfc062723c751e8b465ee728b)  -> (artifact id: 'bc4ce46b8b0cd478c8ae98060c3d2baa') in 0.024654 seconds 
  Import took 0.030336 seconds .

========================================================================
Received Import Request.
  Time since last request: 0.000663 seconds.
  path: Assets/SpriteSheets/ui/life_unit.png
  artifactKey: Guid(3f22d9601d7214d46ab42e944782e746) Importer(815301076,1909f56bfc062723c751e8b465ee728b)
Start importing Assets/SpriteSheets/ui/life_unit.png using Guid(3f22d9601d7214d46ab42e944782e746) Importer(815301076,1909f56bfc062723c751e8b465ee728b)  -> (artifact id: 'a043b1a94c8fe36024aa10b3ef22f666') in 0.020297 seconds 
  Import took 0.027860 seconds .

========================================================================
Received Import Request.
  Time since last request: 0.000296 seconds.
  path: Assets/SpriteSheets/titlescreen/main_title_press_start(201x23)_x.5.png
  artifactKey: Guid(64e9e69d668dc8c4aa5fb4f7cb7d79ce) Importer(815301076,1909f56bfc062723c751e8b465ee728b)
Start importing Assets/SpriteSheets/titlescreen/main_title_press_start(201x23)_x.5.png using Guid(64e9e69d668dc8c4aa5fb4f7cb7d79ce) Importer(815301076,1909f56bfc062723c751e8b465ee728b)  -> (artifact id: 'd8b67857dc1145d32b03c843d5c4b0da') in 0.015866 seconds 
  Import took 0.027647 seconds .

========================================================================
Received Import Request.
  Time since last request: 0.000514 seconds.
  path: Assets/SpriteSheets/fx/particles_grunt.png
  artifactKey: Guid(49ce27eb62290d2439bbdf9da941879a) Importer(815301076,1909f56bfc062723c751e8b465ee728b)
Start importing Assets/SpriteSheets/fx/particles_grunt.png using Guid(49ce27eb62290d2439bbdf9da941879a) Importer(815301076,1909f56bfc062723c751e8b465ee728b)  -> (artifact id: '76cd9e719edc22b21abc8ad7cbfca1d9') in 0.015905 seconds 
  Import took 0.022161 seconds .

========================================================================
Received Import Request.
  Time since last request: 0.000315 seconds.
  path: Assets/SpriteSheets/ui/multiplier_icon.png
  artifactKey: Guid(0dab958e212cd1446a6c9283f4182433) Importer(815301076,1909f56bfc062723c751e8b465ee728b)
Start importing Assets/SpriteSheets/ui/multiplier_icon.png using Guid(0dab958e212cd1446a6c9283f4182433) Importer(815301076,1909f56bfc062723c751e8b465ee728b)  -> (artifact id: 'f88e2307e42d7efbe4f5c758fd46edd3') in 0.023754 seconds 
  Import took 0.029242 seconds .

========================================================================
Received Import Request.
  Time since last request: 0.000236 seconds.
  path: Assets/SpriteSheets/boss/Boss_Fire360_spritesheet.png
  artifactKey: Guid(73e71e6528e732242a693c76777c2978) Importer(815301076,1909f56bfc062723c751e8b465ee728b)
Start importing Assets/SpriteSheets/boss/Boss_Fire360_spritesheet.png using Guid(73e71e6528e732242a693c76777c2978) Importer(815301076,1909f56bfc062723c751e8b465ee728b)  -> (artifact id: 'c347544c2354a6a0a59800440c0e3b80') in 0.027068 seconds 
  Import took 0.031713 seconds .

========================================================================
Received Import Request.
  Time since last request: 0.000253 seconds.
  path: Assets/SpriteSheets/props/skullpanel.png
  artifactKey: Guid(b99445fba30384742b1ec22e4e5f028f) Importer(815301076,1909f56bfc062723c751e8b465ee728b)
Start importing Assets/SpriteSheets/props/skullpanel.png using Guid(b99445fba30384742b1ec22e4e5f028f) Importer(815301076,1909f56bfc062723c751e8b465ee728b)  -> (artifact id: '96f9c7f5888affb97eefc2dde8dfb6bf') in 0.020717 seconds 
  Import took 0.030289 seconds .

========================================================================
Received Import Request.
  Time since last request: 0.000244 seconds.
  path: Assets/SpriteSheets/fx/explosion_smoke.png
  artifactKey: Guid(6a042d02f889da442908b50056c5d77e) Importer(815301076,1909f56bfc062723c751e8b465ee728b)
Start importing Assets/SpriteSheets/fx/explosion_smoke.png using Guid(6a042d02f889da442908b50056c5d77e) Importer(815301076,1909f56bfc062723c751e8b465ee728b)  -> (artifact id: '458f843e603fc82ba4552d083103049c') in 0.022431 seconds 
  Import took 0.030576 seconds .

========================================================================
Received Import Request.
  Time since last request: 0.000243 seconds.
  path: Assets/SpriteSheets/ui/fnt_wonder32_customm.png
  artifactKey: Guid(14b438ff0edb8034e84da40b2f9fc2d1) Importer(815301076,1909f56bfc062723c751e8b465ee728b)
Start importing Assets/SpriteSheets/ui/fnt_wonder32_customm.png using Guid(14b438ff0edb8034e84da40b2f9fc2d1) Importer(815301076,1909f56bfc062723c751e8b465ee728b)  -> (artifact id: '41171c1c4b818f5bbba09d175e59bb88') in 0.021689 seconds 
  Import took 0.026370 seconds .

========================================================================
Received Import Request.
  Time since last request: 0.000543 seconds.
  path: Assets/SpriteSheets/props/barrel.png
  artifactKey: Guid(9610926aba0d2a94b8925b548b699938) Importer(815301076,1909f56bfc062723c751e8b465ee728b)
Start importing Assets/SpriteSheets/props/barrel.png using Guid(9610926aba0d2a94b8925b548b699938) Importer(815301076,1909f56bfc062723c751e8b465ee728b)  -> (artifact id: '9190b50aca7cc4e93cb391c504f217bb') in 0.024807 seconds 
  Import took 0.031683 seconds .

========================================================================
Received Import Request.
  Time since last request: 0.000247 seconds.
  path: Assets/SpriteSheets/boss/Boss_Fire.png
  artifactKey: Guid(706b0a930ee3ad74db5bd81d785637f6) Importer(815301076,1909f56bfc062723c751e8b465ee728b)
Start importing Assets/SpriteSheets/boss/Boss_Fire.png using Guid(706b0a930ee3ad74db5bd81d785637f6) Importer(815301076,1909f56bfc062723c751e8b465ee728b)  -> (artifact id: 'f5438794933e8e9a553cd148bb9ff604') in 0.022313 seconds 
  Import took 0.030296 seconds .

========================================================================
Received Import Request.
  Time since last request: 0.000296 seconds.
  path: Assets/SpriteSheets/boss/Boss_Fire_Expl.png
  artifactKey: Guid(f6554452a14759f459235577a6abe1e9) Importer(815301076,1909f56bfc062723c751e8b465ee728b)
Start importing Assets/SpriteSheets/boss/Boss_Fire_Expl.png using Guid(f6554452a14759f459235577a6abe1e9) Importer(815301076,1909f56bfc062723c751e8b465ee728b)  -> (artifact id: '67b7e66c38b4f7f45165dd7a2ee43a3f') in 0.017071 seconds 
  Import took 0.026843 seconds .

========================================================================
Received Import Request.
  Time since last request: 0.000432 seconds.
  path: Assets/SpriteSheets/boss/Boss_Fire.png
  artifactKey: Guid(706b0a930ee3ad74db5bd81d785637f6) Importer(815301076,1909f56bfc062723c751e8b465ee728b)
Start importing Assets/SpriteSheets/boss/Boss_Fire.png using Guid(706b0a930ee3ad74db5bd81d785637f6) Importer(815301076,1909f56bfc062723c751e8b465ee728b)  -> (artifact id: 'f5438794933e8e9a553cd148bb9ff604') in 0.015296 seconds 
  Import took 0.023487 seconds .

========================================================================
Received Import Request.
  Time since last request: 0.000237 seconds.
  path: Assets/SpriteSheets/titlescreen/GameOverScreen-still.png
  artifactKey: Guid(4ad3d39b66cf76542a70b04934d5ca63) Importer(815301076,1909f56bfc062723c751e8b465ee728b)
Start importing Assets/SpriteSheets/titlescreen/GameOverScreen-still.png using Guid(4ad3d39b66cf76542a70b04934d5ca63) Importer(815301076,1909f56bfc062723c751e8b465ee728b)  -> (artifact id: '6a5a05240c284094c9df6955d0dfd233') in 0.025517 seconds 
  Import took 0.030430 seconds .

========================================================================
Received Import Request.
  Time since last request: 0.000302 seconds.
  path: Assets/SpriteSheets/enemy/grunt_crouch_shoot_front.png
  artifactKey: Guid(c3c3a7dd167b7024294157b7121b8244) Importer(815301076,1909f56bfc062723c751e8b465ee728b)
Start importing Assets/SpriteSheets/enemy/grunt_crouch_shoot_front.png using Guid(c3c3a7dd167b7024294157b7121b8244) Importer(815301076,1909f56bfc062723c751e8b465ee728b)  -> (artifact id: 'c27f2784e6155389e6e7b31639fe0390') in 0.023373 seconds 
  Import took 0.029499 seconds .

========================================================================
Received Import Request.
  Time since last request: 0.000328 seconds.
  path: Assets/SpriteSheets/enemy/grunt_portal.png
  artifactKey: Guid(c1bdb62ed1eb81044bc9003385125590) Importer(815301076,1909f56bfc062723c751e8b465ee728b)
Start importing Assets/SpriteSheets/enemy/grunt_portal.png using Guid(c1bdb62ed1eb81044bc9003385125590) Importer(815301076,1909f56bfc062723c751e8b465ee728b)  -> (artifact id: 'a5e9d608619aab755c4047c2387658b9') in 0.021185 seconds 
  Import took 0.028195 seconds .

========================================================================
Received Import Request.
  Time since last request: 0.000320 seconds.
  path: Assets/SpriteSheets/enemy/grunt_portal_broke.png
  artifactKey: Guid(47e7c43848358df44b6609ef9345daca) Importer(815301076,1909f56bfc062723c751e8b465ee728b)
Start importing Assets/SpriteSheets/enemy/grunt_portal_broke.png using Guid(47e7c43848358df44b6609ef9345daca) Importer(815301076,1909f56bfc062723c751e8b465ee728b)  -> (artifact id: 'd230aee46a341c45c38edfefacbb56a1') in 0.015108 seconds 
  Import took 0.023666 seconds .

========================================================================
Received Import Request.
  Time since last request: 0.000308 seconds.
  path: Assets/SpriteSheets/enemy/grunt_shoot.png
  artifactKey: Guid(a060060eb598b0c41b6bcfc48e22afb7) Importer(815301076,1909f56bfc062723c751e8b465ee728b)
Start importing Assets/SpriteSheets/enemy/grunt_shoot.png using Guid(a060060eb598b0c41b6bcfc48e22afb7) Importer(815301076,1909f56bfc062723c751e8b465ee728b)  -> (artifact id: '25fd237859dda7c65ff76670e77729be') in 0.016124 seconds 
  Import took 0.021216 seconds .

========================================================================
Received Import Request.
  Time since last request: 0.000311 seconds.
  path: Assets/SpriteSheets/ui/multiplier_x1.png
  artifactKey: Guid(17509df8678186547b0015bff9325915) Importer(815301076,1909f56bfc062723c751e8b465ee728b)
Start importing Assets/SpriteSheets/ui/multiplier_x1.png using Guid(17509df8678186547b0015bff9325915) Importer(815301076,1909f56bfc062723c751e8b465ee728b)  -> (artifact id: 'b1b2b18aa25ba12585216daf4e3a3619') in 0.019558 seconds 
  Import took 0.030000 seconds .

========================================================================
Received Import Request.
  Time since last request: 0.000285 seconds.
  path: Assets/SpriteSheets/enemy/grunt_run.png
  artifactKey: Guid(0b0a8ed05c6f10843a6f3f6d50751fa1) Importer(815301076,1909f56bfc062723c751e8b465ee728b)
Start importing Assets/SpriteSheets/enemy/grunt_run.png using Guid(0b0a8ed05c6f10843a6f3f6d50751fa1) Importer(815301076,1909f56bfc062723c751e8b465ee728b)  -> (artifact id: '2f2c79ef505330044cbdf092a4143f75') in 0.025002 seconds 
  Import took 0.030855 seconds .

========================================================================
Received Import Request.
  Time since last request: 0.000261 seconds.
  path: Assets/SpriteSheets/ui/gun_icon.png
  artifactKey: Guid(1efb35fab993f724992727cc6acc21de) Importer(815301076,1909f56bfc062723c751e8b465ee728b)
Start importing Assets/SpriteSheets/ui/gun_icon.png using Guid(1efb35fab993f724992727cc6acc21de) Importer(815301076,1909f56bfc062723c751e8b465ee728b)  -> (artifact id: 'c779d7b017a369657bc2803e6f50cf20') in 0.021515 seconds 
  Import took 0.026737 seconds .

========================================================================
Received Import Request.
  Time since last request: 711.003527 seconds.
  path: Assets/Scripts/MenuPrincipal.cs
  artifactKey: Guid(aaaf68ba60df9604abe9d39db4f2a124) Importer(815301076,1909f56bfc062723c751e8b465ee728b)
Start importing Assets/Scripts/MenuPrincipal.cs using Guid(aaaf68ba60df9604abe9d39db4f2a124) Importer(815301076,1909f56bfc062723c751e8b465ee728b)  -> (artifact id: '250cd553429d61b4510c1b11ea8b89fb') in 0.019070 seconds 
  Import took 0.025095 seconds .

========================================================================
Received Prepare
Registering precompiled user dll's ...
Registered in 0.013076 seconds.
Begin MonoManager ReloadAssembly
Native extension for WindowsStandalone target not found
Native extension for WebGL target not found
Refreshing native plugins compatible for Editor in 0.62 ms, found 3 plugins.
Preloading 0 native plugins for Editor in 0.00 ms.
Mono: successfully reloaded assembly
- Completed reload, in  1.700 seconds
Domain Reload Profiling:
	ReloadAssembly (1701ms)
		BeginReloadAssembly (256ms)
			ExecutionOrderSort (0ms)
			DisableScriptedObjects (13ms)
			BackupInstance (0ms)
			ReleaseScriptingObjects (0ms)
			CreateAndSetChildDomain (87ms)
		EndReloadAssembly (1339ms)
			LoadAssemblies (175ms)
			RebuildTransferFunctionScriptingTraits (0ms)
			SetupTypeCache (416ms)
			ReleaseScriptCaches (1ms)
			RebuildScriptCaches (59ms)
			SetupLoadedEditorAssemblies (576ms)
				LogAssemblyErrors (0ms)
				InitializePlatformSupportModulesInManaged (9ms)
				SetLoadedEditorAssemblies (1ms)
				RefreshPlugins (1ms)
				BeforeProcessingInitializeOnLoad (97ms)
				ProcessInitializeOnLoadAttributes (440ms)
				ProcessInitializeOnLoadMethodAttributes (10ms)
				AfterProcessingInitializeOnLoad (18ms)
				EditorAssembliesLoaded (0ms)
			ExecutionOrderSort2 (0ms)
			AwakeInstancesAfterBackupRestoration (18ms)
Platform modules already initialized, skipping
Refreshing native plugins compatible for Editor in 0.62 ms, found 3 plugins.
Preloading 0 native plugins for Editor in 0.00 ms.
Unloading 2118 Unused Serialized files (Serialized files now loaded: 0)
System memory in use before: 97.9 MB.
System memory in use after: 98.0 MB.

Unloading 16 unused Assets to reduce memory usage. Loaded Objects now: 2698.
Total: 4.088900 ms (FindLiveObjects: 0.237500 ms CreateObjectMapping: 0.075000 ms MarkObjects: 3.721600 ms  DeleteObjects: 0.053800 ms)

AssetImportParameters requested are different than current active one (requested -> active):
  custom:framework-win-MediaFoundation: 216162199b28c13a410421893ffa2e32 -> 
  custom:video-decoder-ogg-theora: a1e56fd34408186e4bbccfd4996cb3dc -> 
  custom:container-muxer-webm: aa71ff27fc2769a1b78a27578f13a17b -> 
  custom:container-demuxer-webm: 4f35f7cbe854078d1ac9338744f61a02 -> 
  custom:container-demuxer-ogg: 62fdf1f143b41e24485cea50d1cbac27 -> 
  custom:video-encoder-webm-vp8: eb34c28f22e8b96e1ab97ce403110664 -> 
  custom:video-decoder-webm-vp8: 9c59270c3fd7afecdb556c50c9e8de78 -> 
  custom:audio-decoder-ogg-vorbis: bf7c407c2cedff20999df2af8eb42d56 -> 
  custom:audio-encoder-webm-vorbis: bf7c407c2cedff20999df2af8eb42d56 -> 
========================================================================
Received Import Request.
  Time since last request: 49.578554 seconds.
  path: Assets/Scripts/Menu_Jugar.cs
  artifactKey: Guid(aaaf68ba60df9604abe9d39db4f2a124) Importer(815301076,1909f56bfc062723c751e8b465ee728b)
Start importing Assets/Scripts/Menu_Jugar.cs using Guid(aaaf68ba60df9604abe9d39db4f2a124) Importer(815301076,1909f56bfc062723c751e8b465ee728b)  -> (artifact id: 'bd7424cd18839277e2402f38931d08e4') in 0.016394 seconds 
  Import took 0.024558 seconds .

========================================================================
Received Prepare
Registering precompiled user dll's ...
Registered in 0.011553 seconds.
Begin MonoManager ReloadAssembly
Native extension for WindowsStandalone target not found
Native extension for WebGL target not found
Refreshing native plugins compatible for Editor in 0.96 ms, found 3 plugins.
Preloading 0 native plugins for Editor in 0.00 ms.
Mono: successfully reloaded assembly
- Completed reload, in  1.752 seconds
Domain Reload Profiling:
	ReloadAssembly (1753ms)
		BeginReloadAssembly (251ms)
			ExecutionOrderSort (0ms)
			DisableScriptedObjects (12ms)
			BackupInstance (0ms)
			ReleaseScriptingObjects (0ms)
			CreateAndSetChildDomain (90ms)
		EndReloadAssembly (1396ms)
			LoadAssemblies (177ms)
			RebuildTransferFunctionScriptingTraits (0ms)
			SetupTypeCache (445ms)
			ReleaseScriptCaches (1ms)
			RebuildScriptCaches (63ms)
			SetupLoadedEditorAssemblies (576ms)
				LogAssemblyErrors (0ms)
				InitializePlatformSupportModulesInManaged (9ms)
				SetLoadedEditorAssemblies (1ms)
				RefreshPlugins (1ms)
				BeforeProcessingInitializeOnLoad (106ms)
				ProcessInitializeOnLoadAttributes (434ms)
				ProcessInitializeOnLoadMethodAttributes (7ms)
				AfterProcessingInitializeOnLoad (17ms)
				EditorAssembliesLoaded (0ms)
			ExecutionOrderSort2 (0ms)
			AwakeInstancesAfterBackupRestoration (14ms)
Platform modules already initialized, skipping
Refreshing native plugins compatible for Editor in 1.18 ms, found 3 plugins.
Preloading 0 native plugins for Editor in 0.00 ms.
Unloading 2118 Unused Serialized files (Serialized files now loaded: 0)
System memory in use before: 97.9 MB.
System memory in use after: 98.0 MB.

Unloading 16 unused Assets to reduce memory usage. Loaded Objects now: 2701.
Total: 9.454800 ms (FindLiveObjects: 0.367300 ms CreateObjectMapping: 0.137700 ms MarkObjects: 8.851400 ms  DeleteObjects: 0.096100 ms)

AssetImportParameters requested are different than current active one (requested -> active):
  custom:framework-win-MediaFoundation: 216162199b28c13a410421893ffa2e32 -> 
  custom:video-decoder-ogg-theora: a1e56fd34408186e4bbccfd4996cb3dc -> 
  custom:container-muxer-webm: aa71ff27fc2769a1b78a27578f13a17b -> 
  custom:container-demuxer-webm: 4f35f7cbe854078d1ac9338744f61a02 -> 
  custom:container-demuxer-ogg: 62fdf1f143b41e24485cea50d1cbac27 -> 
  custom:video-encoder-webm-vp8: eb34c28f22e8b96e1ab97ce403110664 -> 
  custom:video-decoder-webm-vp8: 9c59270c3fd7afecdb556c50c9e8de78 -> 
  custom:audio-decoder-ogg-vorbis: bf7c407c2cedff20999df2af8eb42d56 -> 
  custom:audio-encoder-webm-vorbis: bf7c407c2cedff20999df2af8eb42d56 -> 
========================================================================
Received Import Request.
  Time since last request: 73.479178 seconds.
  path: Assets/Menu.unity
  artifactKey: Guid(351d3f443cb2e5149a6d38f0c7e705c4) Importer(815301076,1909f56bfc062723c751e8b465ee728b)
Start importing Assets/Menu.unity using Guid(351d3f443cb2e5149a6d38f0c7e705c4) Importer(815301076,1909f56bfc062723c751e8b465ee728b)  -> (artifact id: 'e865e9316daefe56986878d17a865173') in 0.028071 seconds 
  Import took 0.033300 seconds .

========================================================================
Received Import Request.
  Time since last request: 5.556323 seconds.
  path: Assets/Scenes
  artifactKey: Guid(65d205ecaa5383b4fb874aed058165d4) Importer(815301076,1909f56bfc062723c751e8b465ee728b)
Start importing Assets/Scenes using Guid(65d205ecaa5383b4fb874aed058165d4) Importer(815301076,1909f56bfc062723c751e8b465ee728b)  -> (artifact id: '0a68cbfb50b42b4e7df850d4f754cfc8') in 0.007560 seconds 
  Import took 0.012430 seconds .

========================================================================
Received Import Request.
  Time since last request: 0.011908 seconds.
  path: Assets/Scenes
  artifactKey: Guid(65d205ecaa5383b4fb874aed058165d4) Importer(815301076,1909f56bfc062723c751e8b465ee728b)
Start importing Assets/Scenes using Guid(65d205ecaa5383b4fb874aed058165d4) Importer(815301076,1909f56bfc062723c751e8b465ee728b)  -> (artifact id: '0a68cbfb50b42b4e7df850d4f754cfc8') in 0.004077 seconds 
  Import took 0.009142 seconds .

========================================================================
Received Import Request.
  Time since last request: 1.596080 seconds.
  path: Assets/Scenes/SampleScene.unity
  artifactKey: Guid(2cda990e2423bbf4892e6590ba056729) Importer(815301076,1909f56bfc062723c751e8b465ee728b)
Start importing Assets/Scenes/SampleScene.unity using Guid(2cda990e2423bbf4892e6590ba056729) Importer(815301076,1909f56bfc062723c751e8b465ee728b)  -> (artifact id: '14592142141cbd5fa392db0f1999bb22') in 0.009293 seconds 
  Import took 0.014163 seconds .

========================================================================
Received Import Request.
  Time since last request: 0.012514 seconds.
  path: Assets/Scenes/SampleScene.unity
  artifactKey: Guid(2cda990e2423bbf4892e6590ba056729) Importer(815301076,1909f56bfc062723c751e8b465ee728b)
Start importing Assets/Scenes/SampleScene.unity using Guid(2cda990e2423bbf4892e6590ba056729) Importer(815301076,1909f56bfc062723c751e8b465ee728b)  -> (artifact id: '14592142141cbd5fa392db0f1999bb22') in 0.004574 seconds 
  Import took 0.009733 seconds .

========================================================================
Received Import Request.
  Time since last request: 48.472742 seconds.
  path: Assets/Scenes/Menu 1.unity
  artifactKey: Guid(99044e21fdd75a7418c53b22d7ac9aeb) Importer(815301076,1909f56bfc062723c751e8b465ee728b)
Start importing Assets/Scenes/Menu 1.unity using Guid(99044e21fdd75a7418c53b22d7ac9aeb) Importer(815301076,1909f56bfc062723c751e8b465ee728b)  -> (artifact id: 'fca980081d600265713242831585f6b5') in 0.008750 seconds 
  Import took 0.019502 seconds .

========================================================================
Received Import Request.
  Time since last request: 2.810765 seconds.
  path: Assets/Scenes/Menu 2.unity
  artifactKey: Guid(b72ab407fd5c3f3479e6f1105d5b559e) Importer(815301076,1909f56bfc062723c751e8b465ee728b)
Start importing Assets/Scenes/Menu 2.unity using Guid(b72ab407fd5c3f3479e6f1105d5b559e) Importer(815301076,1909f56bfc062723c751e8b465ee728b)  -> (artifact id: '978412274039efddb2764008fae00f5a') in 0.007306 seconds 
  Import took 0.019105 seconds .

========================================================================
Received Import Request.
  Time since last request: 0.888855 seconds.
  path: Assets/Scenes/Menu 3.unity
  artifactKey: Guid(8a8e3369216ada644a102de19bfef51f) Importer(815301076,1909f56bfc062723c751e8b465ee728b)
Start importing Assets/Scenes/Menu 3.unity using Guid(8a8e3369216ada644a102de19bfef51f) Importer(815301076,1909f56bfc062723c751e8b465ee728b)  -> (artifact id: '6ab50c3edac49d4cdee6114d847df0a1') in 0.010087 seconds 
  Import took 0.022163 seconds .

========================================================================
Received Import Request.
  Time since last request: 13.371840 seconds.
  path: Assets/Scenes/Menu_Jugar.unity
  artifactKey: Guid(99044e21fdd75a7418c53b22d7ac9aeb) Importer(815301076,1909f56bfc062723c751e8b465ee728b)
Start importing Assets/Scenes/Menu_Jugar.unity using Guid(99044e21fdd75a7418c53b22d7ac9aeb) Importer(815301076,1909f56bfc062723c751e8b465ee728b)  -> (artifact id: 'bcb2fc0b3cc3f3767facf18c8c03a382') in 0.009764 seconds 
  Import took 0.020275 seconds .

========================================================================
Received Import Request.
  Time since last request: 12.725926 seconds.
  path: Assets/Scenes/SCNJugar.unity
  artifactKey: Guid(8a8e3369216ada644a102de19bfef51f) Importer(815301076,1909f56bfc062723c751e8b465ee728b)
Start importing Assets/Scenes/SCNJugar.unity using Guid(8a8e3369216ada644a102de19bfef51f) Importer(815301076,1909f56bfc062723c751e8b465ee728b)  -> (artifact id: '298af4b424032b0d535bece6034264d3') in 0.011363 seconds 
  Import took 0.019885 seconds .

========================================================================
Received Import Request.
  Time since last request: 17.629459 seconds.
  path: Assets/Scenes/SCNGaleria.unity
  artifactKey: Guid(99044e21fdd75a7418c53b22d7ac9aeb) Importer(815301076,1909f56bfc062723c751e8b465ee728b)
Start importing Assets/Scenes/SCNGaleria.unity using Guid(99044e21fdd75a7418c53b22d7ac9aeb) Importer(815301076,1909f56bfc062723c751e8b465ee728b)  -> (artifact id: 'e7d9a83486df7be2be4887bfb4a664b7') in 0.011696 seconds 
  Import took 0.020072 seconds .

========================================================================
Received Import Request.
  Time since last request: 9.401075 seconds.
  path: Assets/Scenes/SCNOpciones.unity
  artifactKey: Guid(b72ab407fd5c3f3479e6f1105d5b559e) Importer(815301076,1909f56bfc062723c751e8b465ee728b)
Start importing Assets/Scenes/SCNOpciones.unity using Guid(b72ab407fd5c3f3479e6f1105d5b559e) Importer(815301076,1909f56bfc062723c751e8b465ee728b)  -> (artifact id: 'faeccc2ff1ae63c11d58c4d3b8faa822') in 0.008785 seconds 
  Import took 0.013748 seconds .

========================================================================
Received Import Request.
  Time since last request: 8.524237 seconds.
  path: Assets/Scenes/Menues
  artifactKey: Guid(a0e23e2d1688bf34e85223dfa2aa1717) Importer(815301076,1909f56bfc062723c751e8b465ee728b)
Start importing Assets/Scenes/Menues using Guid(a0e23e2d1688bf34e85223dfa2aa1717) Importer(815301076,1909f56bfc062723c751e8b465ee728b)  -> (artifact id: '68396cc9068f07c661d14159d66eec57') in 0.004587 seconds 
  Import took 0.010120 seconds .

========================================================================
Received Import Request.
  Time since last request: 23.158132 seconds.
  path: Assets/Scenes/Menues/SCNMainMenu.unity
  artifactKey: Guid(351d3f443cb2e5149a6d38f0c7e705c4) Importer(815301076,1909f56bfc062723c751e8b465ee728b)
Start importing Assets/Scenes/Menues/SCNMainMenu.unity using Guid(351d3f443cb2e5149a6d38f0c7e705c4) Importer(815301076,1909f56bfc062723c751e8b465ee728b)  -> (artifact id: '9bcc1bb9b1b00faf6ee039f1d511d7c7') in 0.006619 seconds 
  Import took 0.017682 seconds .

========================================================================
Received Import Request.
  Time since last request: 0.007319 seconds.
  path: Assets/Scenes/Menues/SCNMainMenu.unity
  artifactKey: Guid(351d3f443cb2e5149a6d38f0c7e705c4) Importer(815301076,1909f56bfc062723c751e8b465ee728b)
Start importing Assets/Scenes/Menues/SCNMainMenu.unity using Guid(351d3f443cb2e5149a6d38f0c7e705c4) Importer(815301076,1909f56bfc062723c751e8b465ee728b)  -> (artifact id: '9bcc1bb9b1b00faf6ee039f1d511d7c7') in 0.005330 seconds 
  Import took 0.013729 seconds .

========================================================================
Received Prepare
Registering precompiled user dll's ...
Registered in 0.010193 seconds.
Begin MonoManager ReloadAssembly
Native extension for WindowsStandalone target not found
Native extension for WebGL target not found
Refreshing native plugins compatible for Editor in 0.72 ms, found 3 plugins.
Preloading 0 native plugins for Editor in 0.00 ms.
Mono: successfully reloaded assembly
- Completed reload, in  1.655 seconds
Domain Reload Profiling:
	ReloadAssembly (1655ms)
		BeginReloadAssembly (188ms)
			ExecutionOrderSort (0ms)
			DisableScriptedObjects (11ms)
			BackupInstance (0ms)
			ReleaseScriptingObjects (0ms)
			CreateAndSetChildDomain (54ms)
		EndReloadAssembly (1356ms)
			LoadAssemblies (150ms)
			RebuildTransferFunctionScriptingTraits (0ms)
			SetupTypeCache (432ms)
			ReleaseScriptCaches (1ms)
			RebuildScriptCaches (67ms)
			SetupLoadedEditorAssemblies (536ms)
				LogAssemblyErrors (0ms)
				InitializePlatformSupportModulesInManaged (10ms)
				SetLoadedEditorAssemblies (1ms)
				RefreshPlugins (1ms)
				BeforeProcessingInitializeOnLoad (96ms)
				ProcessInitializeOnLoadAttributes (406ms)
				ProcessInitializeOnLoadMethodAttributes (6ms)
				AfterProcessingInitializeOnLoad (17ms)
				EditorAssembliesLoaded (0ms)
			ExecutionOrderSort2 (0ms)
			AwakeInstancesAfterBackupRestoration (14ms)
Platform modules already initialized, skipping
Refreshing native plugins compatible for Editor in 0.73 ms, found 3 plugins.
Preloading 0 native plugins for Editor in 0.00 ms.
Unloading 2118 Unused Serialized files (Serialized files now loaded: 0)
System memory in use before: 98.0 MB.
System memory in use after: 98.1 MB.

Unloading 16 unused Assets to reduce memory usage. Loaded Objects now: 2704.
Total: 4.935600 ms (FindLiveObjects: 0.362100 ms CreateObjectMapping: 0.188200 ms MarkObjects: 4.326400 ms  DeleteObjects: 0.057000 ms)

AssetImportParameters requested are different than current active one (requested -> active):
  custom:framework-win-MediaFoundation: 216162199b28c13a410421893ffa2e32 -> 
  custom:video-decoder-ogg-theora: a1e56fd34408186e4bbccfd4996cb3dc -> 
  custom:container-muxer-webm: aa71ff27fc2769a1b78a27578f13a17b -> 
  custom:container-demuxer-webm: 4f35f7cbe854078d1ac9338744f61a02 -> 
  custom:container-demuxer-ogg: 62fdf1f143b41e24485cea50d1cbac27 -> 
  custom:video-encoder-webm-vp8: eb34c28f22e8b96e1ab97ce403110664 -> 
  custom:video-decoder-webm-vp8: 9c59270c3fd7afecdb556c50c9e8de78 -> 
  custom:audio-decoder-ogg-vorbis: bf7c407c2cedff20999df2af8eb42d56 -> 
  custom:audio-encoder-webm-vorbis: bf7c407c2cedff20999df2af8eb42d56 -> 
========================================================================
Received Prepare
Registering precompiled user dll's ...
Registered in 0.013952 seconds.
Begin MonoManager ReloadAssembly
Native extension for WindowsStandalone target not found
Native extension for WebGL target not found
Refreshing native plugins compatible for Editor in 0.55 ms, found 3 plugins.
Preloading 0 native plugins for Editor in 0.00 ms.
Mono: successfully reloaded assembly
- Completed reload, in  1.558 seconds
Domain Reload Profiling:
	ReloadAssembly (1558ms)
		BeginReloadAssembly (173ms)
			ExecutionOrderSort (0ms)
			DisableScriptedObjects (9ms)
			BackupInstance (0ms)
			ReleaseScriptingObjects (0ms)
			CreateAndSetChildDomain (44ms)
		EndReloadAssembly (1274ms)
			LoadAssemblies (151ms)
			RebuildTransferFunctionScriptingTraits (0ms)
			SetupTypeCache (405ms)
			ReleaseScriptCaches (1ms)
			RebuildScriptCaches (55ms)
			SetupLoadedEditorAssemblies (521ms)
				LogAssemblyErrors (0ms)
				InitializePlatformSupportModulesInManaged (7ms)
				SetLoadedEditorAssemblies (0ms)
				RefreshPlugins (1ms)
				BeforeProcessingInitializeOnLoad (94ms)
				ProcessInitializeOnLoadAttributes (394ms)
				ProcessInitializeOnLoadMethodAttributes (7ms)
				AfterProcessingInitializeOnLoad (18ms)
				EditorAssembliesLoaded (0ms)
			ExecutionOrderSort2 (0ms)
			AwakeInstancesAfterBackupRestoration (15ms)
Platform modules already initialized, skipping
Refreshing native plugins compatible for Editor in 0.73 ms, found 3 plugins.
Preloading 0 native plugins for Editor in 0.00 ms.
Unloading 2118 Unused Serialized files (Serialized files now loaded: 0)
System memory in use before: 98.0 MB.
System memory in use after: 98.1 MB.

Unloading 16 unused Assets to reduce memory usage. Loaded Objects now: 2707.
Total: 4.174600 ms (FindLiveObjects: 0.243400 ms CreateObjectMapping: 0.087700 ms MarkObjects: 3.810500 ms  DeleteObjects: 0.031700 ms)

AssetImportParameters requested are different than current active one (requested -> active):
  custom:framework-win-MediaFoundation: 216162199b28c13a410421893ffa2e32 -> 
  custom:video-decoder-ogg-theora: a1e56fd34408186e4bbccfd4996cb3dc -> 
  custom:container-muxer-webm: aa71ff27fc2769a1b78a27578f13a17b -> 
  custom:container-demuxer-webm: 4f35f7cbe854078d1ac9338744f61a02 -> 
  custom:container-demuxer-ogg: 62fdf1f143b41e24485cea50d1cbac27 -> 
  custom:video-encoder-webm-vp8: eb34c28f22e8b96e1ab97ce403110664 -> 
  custom:video-decoder-webm-vp8: 9c59270c3fd7afecdb556c50c9e8de78 -> 
  custom:audio-decoder-ogg-vorbis: bf7c407c2cedff20999df2af8eb42d56 -> 
  custom:audio-encoder-webm-vorbis: bf7c407c2cedff20999df2af8eb42d56 -> 
========================================================================
Received Import Request.
  Time since last request: 783.909477 seconds.
  path: Assets/SpriteSheets/ui/player_icon_idle.png
  artifactKey: Guid(bf7f3ee4b8e680f49ad91a08708f5881) Importer(815301076,1909f56bfc062723c751e8b465ee728b)
Start importing Assets/SpriteSheets/ui/player_icon_idle.png using Guid(bf7f3ee4b8e680f49ad91a08708f5881) Importer(815301076,1909f56bfc062723c751e8b465ee728b)  -> (artifact id: '40cf1faba2fbad608e90cbdebd1fc11f') in 0.092386 seconds 
  Import took 0.099312 seconds .

========================================================================
Received Import Request.
  Time since last request: 0.000468 seconds.
  path: Assets/SpriteSheets/props/red_barrel.png
  artifactKey: Guid(6ec650e7d3a874c44ae9e40b630ba0a0) Importer(815301076,1909f56bfc062723c751e8b465ee728b)
Start importing Assets/SpriteSheets/props/red_barrel.png using Guid(6ec650e7d3a874c44ae9e40b630ba0a0) Importer(815301076,1909f56bfc062723c751e8b465ee728b)  -> (artifact id: 'fab52684b4446852ba99cf86be367459') in 0.019048 seconds 
  Import took 0.025039 seconds .

========================================================================
Received Import Request.
  Time since last request: 0.063759 seconds.
  path: Assets/SpriteSheets/boss/BossHead-static.png
  artifactKey: Guid(1e1d8f95593e96149a16f57ce075ea08) Importer(815301076,1909f56bfc062723c751e8b465ee728b)
Start importing Assets/SpriteSheets/boss/BossHead-static.png using Guid(1e1d8f95593e96149a16f57ce075ea08) Importer(815301076,1909f56bfc062723c751e8b465ee728b)  -> (artifact id: 'bb80dbdc30670ace0cdf266422604279') in 0.029369 seconds 
  Import took 0.035823 seconds .

========================================================================
Received Import Request.
  Time since last request: 0.000417 seconds.
  path: Assets/SpriteSheets/boss/BossScreen_rockcache.png
  artifactKey: Guid(3147248dd85bd2d4eb4b21ba9fecae9e) Importer(815301076,1909f56bfc062723c751e8b465ee728b)
Start importing Assets/SpriteSheets/boss/BossScreen_rockcache.png using Guid(3147248dd85bd2d4eb4b21ba9fecae9e) Importer(815301076,1909f56bfc062723c751e8b465ee728b)  -> (artifact id: '33fe07840ea1cc1da886707f85a0f830') in 0.024917 seconds 
  Import took 0.032177 seconds .

========================================================================
Received Import Request.
  Time since last request: 0.000359 seconds.
  path: Assets/SpriteSheets/boss/BossHeadIdle.png
  artifactKey: Guid(e08578dc86f9f0a4bb8fe2f21989e341) Importer(815301076,1909f56bfc062723c751e8b465ee728b)
Start importing Assets/SpriteSheets/boss/BossHeadIdle.png using Guid(e08578dc86f9f0a4bb8fe2f21989e341) Importer(815301076,1909f56bfc062723c751e8b465ee728b)  -> (artifact id: '59633f08f2f148265c6d1decc7527acc') in 0.022397 seconds 
  Import took 0.028348 seconds .

========================================================================
Received Import Request.
  Time since last request: 0.000357 seconds.
  path: Assets/SpriteSheets/boss/BossScreen_rockcache2.png
  artifactKey: Guid(f19a47aeb9d3e0548ade8aa4ea15a7fc) Importer(815301076,1909f56bfc062723c751e8b465ee728b)
Start importing Assets/SpriteSheets/boss/BossScreen_rockcache2.png using Guid(f19a47aeb9d3e0548ade8aa4ea15a7fc) Importer(815301076,1909f56bfc062723c751e8b465ee728b)  -> (artifact id: '5d0eae4e4eaed8b1dd0fab9b226b213c') in 0.029344 seconds 
  Import took 0.034409 seconds .

========================================================================
Received Import Request.
  Time since last request: 0.000269 seconds.
  path: Assets/SpriteSheets/boss/BossScreen_rockBG.png
  artifactKey: Guid(bd0a2dec89a05bb4daf89b1ec8420ea6) Importer(815301076,1909f56bfc062723c751e8b465ee728b)
Start importing Assets/SpriteSheets/boss/BossScreen_rockBG.png using Guid(bd0a2dec89a05bb4daf89b1ec8420ea6) Importer(815301076,1909f56bfc062723c751e8b465ee728b)  -> (artifact id: 'ab94a50003c155bb2e1dbc0905f44e26') in 0.020862 seconds 
  Import took 0.028882 seconds .

========================================================================
Received Import Request.
  Time since last request: 0.000431 seconds.
  path: Assets/SpriteSheets/fx/bullet_impact.png
  artifactKey: Guid(a2ee75e56b7f3d2448e4f4f56a992d3a) Importer(815301076,1909f56bfc062723c751e8b465ee728b)
Start importing Assets/SpriteSheets/fx/bullet_impact.png using Guid(a2ee75e56b7f3d2448e4f4f56a992d3a) Importer(815301076,1909f56bfc062723c751e8b465ee728b)  -> (artifact id: '51aadf6ed93588027a65ec91c7b666e3') in 0.026413 seconds 
  Import took 0.035072 seconds .

========================================================================
Received Import Request.
  Time since last request: 0.000374 seconds.
  path: Assets/SpriteSheets/boss/BossStatic.png
  artifactKey: Guid(3ce80f17821de2841bee214d0c727221) Importer(815301076,1909f56bfc062723c751e8b465ee728b)
Start importing Assets/SpriteSheets/boss/BossStatic.png using Guid(3ce80f17821de2841bee214d0c727221) Importer(815301076,1909f56bfc062723c751e8b465ee728b)  -> (artifact id: '0e397665097f880a3ef589e3715010ef') in 0.019346 seconds 
  Import took 0.027886 seconds .

========================================================================
Received Import Request.
  Time since last request: 0.000419 seconds.
  path: Assets/SpriteSheets/boss/BossScreen_Anim_intro.png
  artifactKey: Guid(42e1e3c5aaa57a049b725869d0144f53) Importer(815301076,1909f56bfc062723c751e8b465ee728b)
Start importing Assets/SpriteSheets/boss/BossScreen_Anim_intro.png using Guid(42e1e3c5aaa57a049b725869d0144f53) Importer(815301076,1909f56bfc062723c751e8b465ee728b)  -> (artifact id: '2b72454cb6d1b721d70b3ed3b04fe4bd') in 0.035126 seconds 
  Import took 0.040649 seconds .

========================================================================
Received Import Request.
  Time since last request: 0.000275 seconds.
  path: Assets/SpriteSheets/boss/BossScreen_Anim_openmouth_fire.png
  artifactKey: Guid(dff07fc1bacd12f44aeb539575e8dc70) Importer(815301076,1909f56bfc062723c751e8b465ee728b)
Start importing Assets/SpriteSheets/boss/BossScreen_Anim_openmouth_fire.png using Guid(dff07fc1bacd12f44aeb539575e8dc70) Importer(815301076,1909f56bfc062723c751e8b465ee728b)  -> (artifact id: '83a31726b30bdc8694d99e5fe80a1495') in 0.027421 seconds 
  Import took 0.034448 seconds .

========================================================================
Received Import Request.
  Time since last request: 74.792576 seconds.
  path: Assets/Scenes/Menues/SCNJugar.unity
  artifactKey: Guid(8a8e3369216ada644a102de19bfef51f) Importer(815301076,1909f56bfc062723c751e8b465ee728b)
Start importing Assets/Scenes/Menues/SCNJugar.unity using Guid(8a8e3369216ada644a102de19bfef51f) Importer(815301076,1909f56bfc062723c751e8b465ee728b)  -> (artifact id: 'a79741223ca628380432e5feb2c5d50d') in 0.004650 seconds 
  Import took 0.012358 seconds .

========================================================================
Received Prepare
Registering precompiled user dll's ...
Registered in 0.010257 seconds.
Begin MonoManager ReloadAssembly
Native extension for WindowsStandalone target not found
Native extension for WebGL target not found
Refreshing native plugins compatible for Editor in 0.53 ms, found 3 plugins.
Preloading 0 native plugins for Editor in 0.00 ms.
Mono: successfully reloaded assembly
- Completed reload, in  1.706 seconds
Domain Reload Profiling:
	ReloadAssembly (1707ms)
		BeginReloadAssembly (197ms)
			ExecutionOrderSort (0ms)
			DisableScriptedObjects (8ms)
			BackupInstance (0ms)
			ReleaseScriptingObjects (0ms)
			CreateAndSetChildDomain (65ms)
		EndReloadAssembly (1404ms)
			LoadAssemblies (183ms)
			RebuildTransferFunctionScriptingTraits (0ms)
			SetupTypeCache (430ms)
			ReleaseScriptCaches (1ms)
			RebuildScriptCaches (66ms)
			SetupLoadedEditorAssemblies (575ms)
				LogAssemblyErrors (0ms)
				InitializePlatformSupportModulesInManaged (9ms)
				SetLoadedEditorAssemblies (1ms)
				RefreshPlugins (1ms)
				BeforeProcessingInitializeOnLoad (96ms)
				ProcessInitializeOnLoadAttributes (441ms)
				ProcessInitializeOnLoadMethodAttributes (8ms)
				AfterProcessingInitializeOnLoad (19ms)
				EditorAssembliesLoaded (0ms)
			ExecutionOrderSort2 (0ms)
			AwakeInstancesAfterBackupRestoration (14ms)
Platform modules already initialized, skipping
Refreshing native plugins compatible for Editor in 0.59 ms, found 3 plugins.
Preloading 0 native plugins for Editor in 0.00 ms.
Unloading 2118 Unused Serialized files (Serialized files now loaded: 0)
System memory in use before: 98.1 MB.
System memory in use after: 98.3 MB.

Unloading 16 unused Assets to reduce memory usage. Loaded Objects now: 2719.
Total: 5.384400 ms (FindLiveObjects: 0.341800 ms CreateObjectMapping: 0.095100 ms MarkObjects: 4.925500 ms  DeleteObjects: 0.020700 ms)

AssetImportParameters requested are different than current active one (requested -> active):
  custom:framework-win-MediaFoundation: 216162199b28c13a410421893ffa2e32 -> 
  custom:video-decoder-ogg-theora: a1e56fd34408186e4bbccfd4996cb3dc -> 
  custom:container-muxer-webm: aa71ff27fc2769a1b78a27578f13a17b -> 
  custom:container-demuxer-webm: 4f35f7cbe854078d1ac9338744f61a02 -> 
  custom:container-demuxer-ogg: 62fdf1f143b41e24485cea50d1cbac27 -> 
  custom:video-encoder-webm-vp8: eb34c28f22e8b96e1ab97ce403110664 -> 
  custom:video-decoder-webm-vp8: 9c59270c3fd7afecdb556c50c9e8de78 -> 
  custom:audio-decoder-ogg-vorbis: bf7c407c2cedff20999df2af8eb42d56 -> 
  custom:audio-encoder-webm-vorbis: bf7c407c2cedff20999df2af8eb42d56 -> 
========================================================================
Received Import Request.
  Time since last request: 610.484165 seconds.
  path: Assets/Scenes/Menues/SCNJugar.unity
  artifactKey: Guid(8a8e3369216ada644a102de19bfef51f) Importer(815301076,1909f56bfc062723c751e8b465ee728b)
Start importing Assets/Scenes/Menues/SCNJugar.unity using Guid(8a8e3369216ada644a102de19bfef51f) Importer(815301076,1909f56bfc062723c751e8b465ee728b)  -> (artifact id: 'b36c6082f17ac435191e3074fd4da7f9') in 0.020860 seconds 
  Import took 0.029590 seconds .

========================================================================
Received Import Request.
  Time since last request: 482.193977 seconds.
  path: Assets/Scenes/Menues/SCNMainMenu.unity
  artifactKey: Guid(351d3f443cb2e5149a6d38f0c7e705c4) Importer(815301076,1909f56bfc062723c751e8b465ee728b)
Start importing Assets/Scenes/Menues/SCNMainMenu.unity using Guid(351d3f443cb2e5149a6d38f0c7e705c4) Importer(815301076,1909f56bfc062723c751e8b465ee728b)  -> (artifact id: 'f377934eb9dc51692815796e386cb2f8') in 0.008377 seconds 
  Import took 0.016075 seconds .

========================================================================
Received Import Request.
  Time since last request: 1.680611 seconds.
  path: Assets/Scenes/Menues/SCNGaleria.unity
  artifactKey: Guid(99044e21fdd75a7418c53b22d7ac9aeb) Importer(815301076,1909f56bfc062723c751e8b465ee728b)
Start importing Assets/Scenes/Menues/SCNGaleria.unity using Guid(99044e21fdd75a7418c53b22d7ac9aeb) Importer(815301076,1909f56bfc062723c751e8b465ee728b)  -> (artifact id: '6e3987de4c060dfb53df9173413e9892') in 0.011589 seconds 
  Import took 0.016821 seconds .

========================================================================
Received Import Request.
  Time since last request: 179.559915 seconds.
  path: Assets/Scenes/Menues/SCNJugar.unity
  artifactKey: Guid(8a8e3369216ada644a102de19bfef51f) Importer(815301076,1909f56bfc062723c751e8b465ee728b)
Start importing Assets/Scenes/Menues/SCNJugar.unity using Guid(8a8e3369216ada644a102de19bfef51f) Importer(815301076,1909f56bfc062723c751e8b465ee728b)  -> (artifact id: 'a5fa0e694e4e1393f5afac851c547406') in 0.010386 seconds 
  Import took 0.023846 seconds .

========================================================================
Received Import Request.
  Time since last request: 385.550380 seconds.
  path: Assets/TextMesh Pro/Resources/Fonts & Materials/LiberationSans SDF - Drop Shadow.mat
  artifactKey: Guid(e73a58f6e2794ae7b1b7e50b7fb811b0) Importer(815301076,1909f56bfc062723c751e8b465ee728b)
Start importing Assets/TextMesh Pro/Resources/Fonts & Materials/LiberationSans SDF - Drop Shadow.mat using Guid(e73a58f6e2794ae7b1b7e50b7fb811b0) Importer(815301076,1909f56bfc062723c751e8b465ee728b)  -> (artifact id: 'ca0d2861f60500f05bd29199894f7bb5') in 0.285855 seconds 
  Import took 0.295905 seconds .

========================================================================
Received Import Request.
  Time since last request: 0.000246 seconds.
  path: Assets/TextMesh Pro/Resources/Fonts & Materials/LiberationSans SDF - Outline.mat
  artifactKey: Guid(79459efec17a4d00a321bdcc27bbc385) Importer(815301076,1909f56bfc062723c751e8b465ee728b)
Start importing Assets/TextMesh Pro/Resources/Fonts & Materials/LiberationSans SDF - Outline.mat using Guid(79459efec17a4d00a321bdcc27bbc385) Importer(815301076,1909f56bfc062723c751e8b465ee728b)  -> (artifact id: '289988fcecf3b00d1602f8d2b589f7dd') in 0.139604 seconds 
  Import took 0.146134 seconds .

========================================================================
Received Import Request.
  Time since last request: 0.000329 seconds.
  path: Assets/TextMesh Pro/Resources/Fonts & Materials/LiberationSans SDF - Fallback.asset
  artifactKey: Guid(2e498d1c8094910479dc3e1b768306a4) Importer(815301076,1909f56bfc062723c751e8b465ee728b)
Start importing Assets/TextMesh Pro/Resources/Fonts & Materials/LiberationSans SDF - Fallback.asset using Guid(2e498d1c8094910479dc3e1b768306a4) Importer(815301076,1909f56bfc062723c751e8b465ee728b)  -> (artifact id: 'cb7b722a0c01ef218b22b1cba542ebac') in 0.077110 seconds 
  Import took 0.085967 seconds .

========================================================================
Received Import Request.
  Time since last request: 0.000420 seconds.
  path: Assets/TextMesh Pro/Resources/Fonts & Materials/LiberationSans SDF - Drop Shadow.mat
  artifactKey: Guid(e73a58f6e2794ae7b1b7e50b7fb811b0) Importer(815301076,1909f56bfc062723c751e8b465ee728b)
Start importing Assets/TextMesh Pro/Resources/Fonts & Materials/LiberationSans SDF - Drop Shadow.mat using Guid(e73a58f6e2794ae7b1b7e50b7fb811b0) Importer(815301076,1909f56bfc062723c751e8b465ee728b)  -> (artifact id: 'ca0d2861f60500f05bd29199894f7bb5') in 0.049995 seconds 
  Import took 0.058531 seconds .

========================================================================
Received Import Request.
  Time since last request: 0.282782 seconds.
  path: Assets/TextMesh Pro/Examples & Extras/Resources/Fonts & Materials/Bangers SDF.asset
  artifactKey: Guid(125cb55b44b24c4393181402bc6200e6) Importer(815301076,1909f56bfc062723c751e8b465ee728b)
Start importing Assets/TextMesh Pro/Examples & Extras/Resources/Fonts & Materials/Bangers SDF.asset using Guid(125cb55b44b24c4393181402bc6200e6) Importer(815301076,1909f56bfc062723c751e8b465ee728b)  -> (artifact id: '0a410933ceaa45c0d900f8ae91c23669') in 0.040100 seconds 
  Import took 0.044099 seconds .

========================================================================
Received Import Request.
  Time since last request: 0.000454 seconds.
  path: Assets/TextMesh Pro/Examples & Extras/Resources/Fonts & Materials/Electronic Highway Sign SDF.asset
  artifactKey: Guid(dc36b3fdc14f47ebb36fd484a67e268a) Importer(815301076,1909f56bfc062723c751e8b465ee728b)
Start importing Assets/TextMesh Pro/Examples & Extras/Resources/Fonts & Materials/Electronic Highway Sign SDF.asset using Guid(dc36b3fdc14f47ebb36fd484a67e268a) Importer(815301076,1909f56bfc062723c751e8b465ee728b)  -> (artifact id: '88d36913be77f8d05b9cd2c092048b17') in 0.042681 seconds 
  Import took 0.047362 seconds .

========================================================================
Received Import Request.
  Time since last request: 0.000263 seconds.
  path: Assets/TextMesh Pro/Examples & Extras/Resources/Fonts & Materials/Roboto-Bold SDF.asset
  artifactKey: Guid(5302535af1044152a457ed104f1f4b91) Importer(815301076,1909f56bfc062723c751e8b465ee728b)
Start importing Assets/TextMesh Pro/Examples & Extras/Resources/Fonts & Materials/Roboto-Bold SDF.asset using Guid(5302535af1044152a457ed104f1f4b91) Importer(815301076,1909f56bfc062723c751e8b465ee728b)  -> (artifact id: 'a69a7894f8b8a5ad9c0a03a626c3eae6') in 0.051116 seconds 
  Import took 0.060827 seconds .

========================================================================
Received Import Request.
  Time since last request: 0.000827 seconds.
  path: Assets/TextMesh Pro/Examples & Extras/Resources/Fonts & Materials/Oswald Bold SDF.asset
  artifactKey: Guid(0161d805a3764c089bef00bfe00793f5) Importer(815301076,1909f56bfc062723c751e8b465ee728b)
Start importing Assets/TextMesh Pro/Examples & Extras/Resources/Fonts & Materials/Oswald Bold SDF.asset using Guid(0161d805a3764c089bef00bfe00793f5) Importer(815301076,1909f56bfc062723c751e8b465ee728b)  -> (artifact id: '26b1d81f22ae868292d45707bce5f098') in 0.066962 seconds 
  Import took 0.075860 seconds .

========================================================================
Received Prepare
Registering precompiled user dll's ...
Registered in 0.016068 seconds.
Begin MonoManager ReloadAssembly
Native extension for WindowsStandalone target not found
Native extension for WebGL target not found
Refreshing native plugins compatible for Editor in 0.53 ms, found 3 plugins.
Preloading 0 native plugins for Editor in 0.00 ms.
Mono: successfully reloaded assembly
- Completed reload, in  1.728 seconds
Domain Reload Profiling:
	ReloadAssembly (1729ms)
		BeginReloadAssembly (166ms)
			ExecutionOrderSort (0ms)
			DisableScriptedObjects (8ms)
			BackupInstance (0ms)
			ReleaseScriptingObjects (0ms)
			CreateAndSetChildDomain (50ms)
		EndReloadAssembly (1460ms)
			LoadAssemblies (140ms)
			RebuildTransferFunctionScriptingTraits (0ms)
			SetupTypeCache (500ms)
			ReleaseScriptCaches (1ms)
			RebuildScriptCaches (78ms)
			SetupLoadedEditorAssemblies (572ms)
				LogAssemblyErrors (0ms)
				InitializePlatformSupportModulesInManaged (10ms)
				SetLoadedEditorAssemblies (1ms)
				RefreshPlugins (1ms)
				BeforeProcessingInitializeOnLoad (101ms)
				ProcessInitializeOnLoadAttributes (435ms)
				ProcessInitializeOnLoadMethodAttributes (7ms)
				AfterProcessingInitializeOnLoad (18ms)
				EditorAssembliesLoaded (0ms)
			ExecutionOrderSort2 (0ms)
			AwakeInstancesAfterBackupRestoration (17ms)
Platform modules already initialized, skipping
Refreshing native plugins compatible for Editor in 0.83 ms, found 3 plugins.
Preloading 0 native plugins for Editor in 0.00 ms.
Unloading 2118 Unused Serialized files (Serialized files now loaded: 0)
System memory in use before: 98.2 MB.
System memory in use after: 98.4 MB.

Unloading 16 unused Assets to reduce memory usage. Loaded Objects now: 2724.
Total: 6.233900 ms (FindLiveObjects: 0.253400 ms CreateObjectMapping: 0.109500 ms MarkObjects: 5.842200 ms  DeleteObjects: 0.027100 ms)

AssetImportParameters requested are different than current active one (requested -> active):
  custom:framework-win-MediaFoundation: 216162199b28c13a410421893ffa2e32 -> 
  custom:video-decoder-ogg-theora: a1e56fd34408186e4bbccfd4996cb3dc -> 
  custom:container-muxer-webm: aa71ff27fc2769a1b78a27578f13a17b -> 
  custom:container-demuxer-webm: 4f35f7cbe854078d1ac9338744f61a02 -> 
  custom:container-demuxer-ogg: 62fdf1f143b41e24485cea50d1cbac27 -> 
  custom:video-encoder-webm-vp8: eb34c28f22e8b96e1ab97ce403110664 -> 
  custom:video-decoder-webm-vp8: 9c59270c3fd7afecdb556c50c9e8de78 -> 
  custom:audio-decoder-ogg-vorbis: bf7c407c2cedff20999df2af8eb42d56 -> 
  custom:audio-encoder-webm-vorbis: bf7c407c2cedff20999df2af8eb42d56 -> 
========================================================================
Received Prepare
Registering precompiled user dll's ...
Registered in 0.017989 seconds.
Begin MonoManager ReloadAssembly
Native extension for WindowsStandalone target not found
Native extension for WebGL target not found
Refreshing native plugins compatible for Editor in 0.88 ms, found 3 plugins.
Preloading 0 native plugins for Editor in 0.00 ms.
Mono: successfully reloaded assembly
- Completed reload, in  1.841 seconds
Domain Reload Profiling:
	ReloadAssembly (1842ms)
		BeginReloadAssembly (276ms)
			ExecutionOrderSort (0ms)
			DisableScriptedObjects (12ms)
			BackupInstance (0ms)
			ReleaseScriptingObjects (0ms)
			CreateAndSetChildDomain (75ms)
		EndReloadAssembly (1451ms)
			LoadAssemblies (211ms)
			RebuildTransferFunctionScriptingTraits (0ms)
			SetupTypeCache (438ms)
			ReleaseScriptCaches (1ms)
			RebuildScriptCaches (64ms)
			SetupLoadedEditorAssemblies (631ms)
				LogAssemblyErrors (0ms)
				InitializePlatformSupportModulesInManaged (9ms)
				SetLoadedEditorAssemblies (1ms)
				RefreshPlugins (1ms)
				BeforeProcessingInitializeOnLoad (114ms)
				ProcessInitializeOnLoadAttributes (474ms)
				ProcessInitializeOnLoadMethodAttributes (12ms)
				AfterProcessingInitializeOnLoad (19ms)
				EditorAssembliesLoaded (0ms)
			ExecutionOrderSort2 (0ms)
			AwakeInstancesAfterBackupRestoration (15ms)
Platform modules already initialized, skipping
Refreshing native plugins compatible for Editor in 0.54 ms, found 3 plugins.
Preloading 0 native plugins for Editor in 0.00 ms.
Unloading 2118 Unused Serialized files (Serialized files now loaded: 0)
System memory in use before: 98.2 MB.
System memory in use after: 98.5 MB.

Unloading 16 unused Assets to reduce memory usage. Loaded Objects now: 2727.
Total: 4.730300 ms (FindLiveObjects: 0.358100 ms CreateObjectMapping: 0.150400 ms MarkObjects: 4.164500 ms  DeleteObjects: 0.055500 ms)

AssetImportParameters requested are different than current active one (requested -> active):
  custom:framework-win-MediaFoundation: 216162199b28c13a410421893ffa2e32 -> 
  custom:video-decoder-ogg-theora: a1e56fd34408186e4bbccfd4996cb3dc -> 
  custom:container-muxer-webm: aa71ff27fc2769a1b78a27578f13a17b -> 
  custom:container-demuxer-webm: 4f35f7cbe854078d1ac9338744f61a02 -> 
  custom:container-demuxer-ogg: 62fdf1f143b41e24485cea50d1cbac27 -> 
  custom:video-encoder-webm-vp8: eb34c28f22e8b96e1ab97ce403110664 -> 
  custom:video-decoder-webm-vp8: 9c59270c3fd7afecdb556c50c9e8de78 -> 
  custom:audio-decoder-ogg-vorbis: bf7c407c2cedff20999df2af8eb42d56 -> 
  custom:audio-encoder-webm-vorbis: bf7c407c2cedff20999df2af8eb42d56 -> 
========================================================================
Received Import Request.
  Time since last request: 683.798049 seconds.
  path: Assets/Scenes/Menues/SCNOpciones.unity
  artifactKey: Guid(b72ab407fd5c3f3479e6f1105d5b559e) Importer(815301076,1909f56bfc062723c751e8b465ee728b)
Start importing Assets/Scenes/Menues/SCNOpciones.unity using Guid(b72ab407fd5c3f3479e6f1105d5b559e) Importer(815301076,1909f56bfc062723c751e8b465ee728b)  -> (artifact id: '5e8a6a1a149a70f84d6c2bfb8e5e2cfd') in 0.028931 seconds 
  Import took 0.034567 seconds .

AssetImportWorkerClient::OnTransportError - code=2 error=End of file
